<?xml version="1.0" encoding="UTF-8"?>
<!-- Generated by org.testng.reporters.JUnitReportReporter -->
<testsuite skipped="0" hostname="DESKTOP-R97KMG8" name="TestMavenPackage.ForMaven" tests="1" failures="0" timestamp="08 Mar 2020 15:00:00 GMT" time="16.971" errors="0">
  <testcase name="PageTest" time="16.971" classname="TestMavenPackage.ForMaven"/>
</testsuite> <!-- TestMavenPackage.ForMaven -->
